<?xml version="1.0" encoding="UTF-8"?>
<!-- Generated by org.testng.reporters.JUnitReportReporter -->
<testsuite hostname="LAPTOP-VFRUA80I" failures="0" tests="1" name="Project.Project2" time="0.012" errors="0" timestamp="2023-12-04T18:50:21 IST" skipped="0">
  <testcase classname="Project.Project2" name="M1" time="0.012"/>
  <system-out/>
</testsuite> <!-- Project.Project2 -->
