<?xml version="1.0" encoding="UTF-8"?>
<!-- Generated by org.testng.reporters.JUnitReportReporter -->
<testsuite hostname="LAPTOP-VFRUA80I" failures="0" tests="1" name="Project.Project1" time="0.011" errors="0" timestamp="2023-12-04T18:51:23 IST" skipped="0">
  <testcase classname="Project.Project1" name="M2" time="0.011"/>
  <system-out/>
</testsuite> <!-- Project.Project1 -->
